Determining if the pthread_create exist failed with the following output:
Change Dir: /home/andresh/tesis-github/zzothers/issue-ArrayHang/build/CMakeFiles/CMakeTmp

Run Build Command:"/usr/bin/make" "cmTC_1a7e5/fast"
/usr/bin/make -f CMakeFiles/cmTC_1a7e5.dir/build.make CMakeFiles/cmTC_1a7e5.dir/build
make[1]: se ingresa al directorio «/home/andresh/tesis-github/zzothers/issue-ArrayHang/build/CMakeFiles/CMakeTmp»
Building C object CMakeFiles/cmTC_1a7e5.dir/CheckSymbolExists.c.o
/usr/bin/cc    -fPIC    -o CMakeFiles/cmTC_1a7e5.dir/CheckSymbolExists.c.o   -c /home/andresh/tesis-github/zzothers/issue-ArrayHang/build/CMakeFiles/CMakeTmp/CheckSymbolExists.c
Linking C executable cmTC_1a7e5
/usr/local/bin/cmake -E cmake_link_script CMakeFiles/cmTC_1a7e5.dir/link.txt --verbose=1
/usr/bin/cc  -fPIC     CMakeFiles/cmTC_1a7e5.dir/CheckSymbolExists.c.o  -o cmTC_1a7e5 -rdynamic 
CMakeFiles/cmTC_1a7e5.dir/CheckSymbolExists.c.o: En la función `main':
CheckSymbolExists.c:(.text+0x1b): referencia a `pthread_create' sin definir
collect2: error: ld returned 1 exit status
make[1]: *** [cmTC_1a7e5] Error 1
make[1]: se sale del directorio «/home/andresh/tesis-github/zzothers/issue-ArrayHang/build/CMakeFiles/CMakeTmp»
make: *** [cmTC_1a7e5/fast] Error 2

File /home/andresh/tesis-github/zzothers/issue-ArrayHang/build/CMakeFiles/CMakeTmp/CheckSymbolExists.c:
/* */
#include <pthread.h>

int main(int argc, char** argv)
{
  (void)argv;
#ifndef pthread_create
  return ((int*)(&pthread_create))[argc];
#else
  (void)argc;
  return 0;
#endif
}

Determining if the function pthread_create exists in the pthreads failed with the following output:
Change Dir: /home/andresh/tesis-github/zzothers/issue-ArrayHang/build/CMakeFiles/CMakeTmp

Run Build Command:"/usr/bin/make" "cmTC_49e47/fast"
/usr/bin/make -f CMakeFiles/cmTC_49e47.dir/build.make CMakeFiles/cmTC_49e47.dir/build
make[1]: se ingresa al directorio «/home/andresh/tesis-github/zzothers/issue-ArrayHang/build/CMakeFiles/CMakeTmp»
Building C object CMakeFiles/cmTC_49e47.dir/CheckFunctionExists.c.o
/usr/bin/cc    -fPIC -DCHECK_FUNCTION_EXISTS=pthread_create   -o CMakeFiles/cmTC_49e47.dir/CheckFunctionExists.c.o   -c /usr/local/share/cmake-3.4/Modules/CheckFunctionExists.c
Linking C executable cmTC_49e47
/usr/local/bin/cmake -E cmake_link_script CMakeFiles/cmTC_49e47.dir/link.txt --verbose=1
/usr/bin/cc  -fPIC -DCHECK_FUNCTION_EXISTS=pthread_create    CMakeFiles/cmTC_49e47.dir/CheckFunctionExists.c.o  -o cmTC_49e47 -rdynamic -lpthreads 
/usr/bin/ld: no se puede encontrar -lpthreads
collect2: error: ld returned 1 exit status
make[1]: *** [cmTC_49e47] Error 1
make[1]: se sale del directorio «/home/andresh/tesis-github/zzothers/issue-ArrayHang/build/CMakeFiles/CMakeTmp»
make: *** [cmTC_49e47/fast] Error 2


